-200.0
-200.0
-200.0
-200.0
-200.0
-200.0
-200.0
-200.0
-200.0
-200.0
-200.0
-200.0
-200.0
-200.0
-200.0
-200.0
-200.0
-200.0
-200.0
-200.0
-200.0
-200.0
-200.0
-200.0
-200.0
-200.0
-200.0
-200.0
-200.0
-200.0
-200.0
-200.0
-200.0
-200.0
-200.0
-200.0
-200.0
-200.0
-200.0
-200.0
-200.0
-200.0
-200.0
-200.0
-200.0
-200.0
-200.0
-200.0
-200.0
-200.0
-200.0
-200.0
-200.0
-200.0
-200.0
-200.0
-200.0
-200.0
-200.0
-200.0
-200.0
-200.0
-200.0
-200.0
-200.0
-200.0
-200.0
-200.0
-200.0
-200.0
-200.0
-200.0
-200.0
-200.0
-200.0
-200.0
-200.0
-200.0
-200.0
-200.0
-200.0
-200.0
-200.0
-200.0
-200.0
-200.0
-200.0
-200.0
-200.0
-200.0
-200.0
-200.0
-200.0
-200.0
-200.0
-200.0
-200.0
-200.0
-200.0
-200.0
-200.0
-200.0
-200.0
-200.0
-200.0
-200.0
-200.0
-200.0
-200.0
-163.0
-173.0
-200.0
-200.0
-200.0
-200.0
-200.0
-200.0
-200.0
-161.0
-200.0
-172.0
-200.0
-195.0
-200.0
-200.0
-200.0
-200.0
-164.0
-182.0
-189.0
-200.0
-200.0
-200.0
-200.0
-200.0
-170.0
-190.0
-200.0
-149.0
-200.0
-148.0
-164.0
-188.0
-200.0
-163.0
-167.0
-200.0
-144.0
-185.0
-180.0
-163.0
-200.0
-197.0
-161.0
-146.0
-142.0
-197.0
-200.0
-153.0
-159.0
-183.0
-200.0
-143.0
-143.0
-200.0
-124.0
-168.0
-122.0
-197.0
-200.0
-145.0
-143.0
-149.0
-120.0
-173.0
-157.0
-200.0
-173.0
-180.0
-179.0
-200.0
-140.0
-193.0
-171.0
-115.0
-172.0
-197.0
-124.0
-160.0
-200.0
-152.0
-170.0
-151.0
-119.0
-120.0
-168.0
-190.0
-158.0
-196.0
-157.0
-150.0
-156.0
-198.0
-140.0
-175.0
-195.0
-161.0
-139.0
-168.0
-114.0
-178.0
-197.0
-152.0
-164.0
-115.0
-117.0
-164.0
-196.0
-150.0
-119.0
-115.0
-120.0
-123.0
-114.0
-170.0
-135.0
-116.0
-111.0
-132.0
-114.0
-111.0
-125.0
-142.0
-112.0
-180.0
-107.0
-115.0
-156.0
-185.0
-136.0
-184.0
-200.0
-145.0
-112.0
-117.0
-115.0
-143.0
-187.0
-106.0
-113.0
-123.0
-143.0
-144.0
-141.0
-189.0
-153.0
-155.0
-165.0
-171.0
-156.0
-130.0
-113.0
-183.0
-178.0
-113.0
-146.0
-114.0
-120.0
-149.0
-113.0
-112.0
-155.0
-149.0
-140.0
-113.0
-111.0
-169.0
-114.0
-113.0
-115.0
-117.0
-149.0
-169.0
-131.0
-111.0
-148.0
-111.0
-174.0
-165.0
-111.0
-109.0
-114.0
-113.0
-149.0
-116.0
-168.0
-163.0
-109.0
-144.0
-187.0
-146.0
-113.0
-109.0
-108.0
-144.0
-151.0
-139.0
-150.0
-173.0
-173.0
-112.0
-107.0
-142.0
-112.0
-109.0
-113.0
-111.0
-143.0
-113.0
-109.0
-112.0
-112.0
-142.0
-111.0
-109.0
-142.0
-114.0
-114.0
-111.0
-112.0
-113.0
-146.0
-112.0
-111.0
-111.0
-146.0
-112.0
-108.0
-145.0
-111.0
-110.0
-115.0
-109.0
-142.0
-111.0
-155.0
-117.0
-114.0
-109.0
-111.0
-112.0
-108.0
-154.0
-106.0
-147.0
-110.0
-113.0
-108.0
-112.0
-115.0
-112.0
-110.0
-109.0
-109.0
-111.0
-109.0
-111.0
-113.0
-145.0
-163.0
-116.0
-87.0
-115.0
-148.0
-111.0
-110.0
-111.0
-157.0
-110.0
-114.0
-112.0
-115.0
-113.0
-146.0
-109.0
-112.0
-110.0
-107.0
-112.0
-147.0
-112.0
-116.0
-147.0
-181.0
-110.0
-111.0
-143.0
-89.0
-111.0
-109.0
