-1.4631943916189323
-0.16395649337342166
-0.16065717665708026
-0.14219792406897322
-0.2052108583270868
-0.2018093465706047
-0.18400447869826428
-0.23846015159261114
-0.2351864192336419
-0.21917014525884798
-0.2639561240885994
-0.26133560055553023
-0.25186802220451704
-0.2807377539052281
-0.2791974196915268
-0.27237923609849113
-0.2924962423384645
-0.29010658386543364
-0.2828936248004528
-0.3002023762402016
-0.2966891194595272
-0.2893958276551339
-0.3029936228990002
-0.29919047217259587
-0.2911032434336137
-0.30135121128300113
-0.2982974748418447
-0.29029732160903227
-0.29790564315729323
-0.293349738130487
-0.2871695042795593
-0.28917643276966387
-0.2844919133179962
-0.2778837550119281
-0.27749600044226563
-0.2758014055738416
-0.26856612079298003
-0.26536035899564586
-0.26462802104741995
-0.2586851310428192
-0.25421571702405515
-0.25312901443942926
-0.24665447387962627
-0.24018995584163863
-0.24064211422902507
-0.23472988746177606
-0.22762294925195312
-0.22677256570579477
-0.22284158198700277
-0.21200407660099413
-0.21229631117428804
-0.2096690604858744
-0.19854506096646238
-0.196555017631882
-0.1959244633438094
-0.18089867421358222
-0.17863329986861715
-0.18166482028223518
-0.16377000373855452
-0.16160795700803496
-0.16635319052621333
-0.17510361192859528
-0.1769076352277105
-0.18134224504947122
-0.14768943582264304
-0.15080583835997785
-0.15337806079290328
-0.19188558833755429
-0.18832004669552974
-0.18149165083288604
-0.22820924867739836
-0.22257120247498968
-0.21528167209257318
-0.2573296615442343
-0.25176456929042385
-0.24812223283749377
-0.2788509228069088
-0.27446859287571196
-0.2769901761251575
-0.29477435143436814
-0.29219857393234755
-0.29757653275764956
-0.30579309000025856
-0.30493253142245585
-0.3116958788030622
-0.31356903838114647
-0.31471401851811664
-0.322940759588292
-0.32020138310369445
-0.3223873488756216
-0.3317579431027443
-0.32526941329169495
-0.328666030707898
-0.33761044539587337
-0.328391152867965
-0.33296015932048867
-0.3405348409497961
-0.32981142543932795
-0.33526330607769883
-0.3422480201295998
-0.33110906236463006
-0.3363396282968041
-0.34291537533401195
-0.33111333601929205
-0.33553749129934746
-0.3401773543113151
-0.3283164534340593
-0.3322414771522018
-0.3369585923110256
-0.3246346852459818
-0.32883603387394955
-0.3341416028283088
-0.31956757970156446
-0.32333273928910866
-0.32973017300780993
-0.30968993667938777
-0.3133256830386226
-0.3204282045198681
-0.29551750954846273
-0.2989884558144023
-0.30453708479806924
-0.2757972314121313
-0.2787824423580502
-0.2850778434012845
-0.2465358072643237
-0.2506105277389192
-0.25793380888264
-0.2101342401098058
-0.21522074175884792
-0.22226295791262324
-0.19785008727701853
-0.192904187435612
-0.18502882495899445
-0.2410700156999713
-0.2344864673894861
-0.2253301802825696
-0.27407124484668405
-0.2675127278892448
-0.2586967411039154
-0.3003163449269177
-0.2948217852849518
-0.29187699654956323
-0.31739036870829784
-0.31284575830717615
-0.3116250164878242
-0.32950593687210133
-0.32619156024662666
-0.32473769241702904
-0.33832712829412
-0.3359194823978223
-0.33488322462102993
-0.34439547529340964
-0.34300527752210624
-0.3420569082951521
-0.3486131237139378
-0.34851326788100534
-0.3483900827188796
-0.35336073226373904
-0.35200628399659517
-0.3529102216419332
-0.3526502161545353
-0.3530306560847079
-0.35572259356922364
-0.35254031452527085
-0.35227757847793756
-0.3553119195414603
-0.3507604699826583
-0.35100140191485296
-0.3545318023231796
-0.34917028813114637
-0.34879914075342133
-0.35314291444570683
-0.345706307374877
-0.3456800064147942
-0.3515046599676996
-0.34039786217055923
-0.34093517482078206
-0.3489415137932256
-0.3320121970895462
-0.3330455729142352
-0.34411731670949774
-0.31705719302526325
-0.31986746426217266
-0.3346264695081637
-0.29940319172790025
-0.30074574093400774
-0.3182203617398286
-0.2817647284333029
-0.28727134285170985
-0.2999222712459423
-0.25811079861959735
-0.2593818049468627
-0.27603192070015775
-0.38474368953730365
-0.38562275045755134
-0.3752326462239881
-0.379204283168356
-0.3807255181143032
-0.36998190826420085
-0.37488009815623696
-0.3759175587418435
-0.3650312000600481
-0.3702248439034518
-0.371155150611415
-0.3602322666292392
-0.3651866091851525
-0.36624112734865877
-0.35616553442532556
-0.36065975639480247
-0.3607740893820262
-0.35229883882089263
-0.35608579591818473
-0.3559701172277578
-0.34767807461172123
-0.35046244976102686
-0.3503945942764018
-0.34409721036502483
-0.3427913971347675
-0.34356323796350746
-0.3382737872531559
-0.3339014048293885
-0.3355011723443817
-0.33078224972141923
-0.3227568129806375
-0.32493325475025897
-0.3210991823420803
-0.3120109316608832
-0.3144007315924227
-0.3118909764997323
-0.2995930169567643
-0.30248344156695817
-0.30038942688440917
-0.2869452134491381
-0.28924763121446084
-0.2880660486478563
-0.2736084470074435
-0.2756056336217963
-0.2746344017986419
-0.2598820177214092
-0.2613964067848848
-0.2614866276715418
-0.2447402538223919
-0.24534593915739134
-0.24653864048530477
-0.22998941616830826
-0.2299159293200482
-0.23166739430301445
-0.2174071298846641
-0.21605849921920195
-0.21834273078957864
-0.20616260833369873
-0.20383077146486853
-0.20654493755063708
-0.2803233649098283
-0.2818481288684135
-0.27580252931001736
-0.2909038136636069
-0.2922914214462686
-0.28574970201354355
-0.2983375192109581
-0.30005842660051146
-0.293208185321164
-0.3052648650778926
-0.30707036866634196
-0.3002498480827847
-0.31294380424042867
-0.3152095826816365
-0.30930558033120076
-0.32087881489314823
-0.3225413561877389
-0.3182708629934737
-0.32863066256050216
-0.3304072094927786
-0.3278445451410958
-0.3353583534421017
-0.33678697114443906
-0.3356430949337175
-0.34016880575168257
-0.3413753747283031
-0.34288537500899513
-0.3453108910910708
-0.3463817554181259
-0.34945499775860545
-0.3494133572999076
-0.35054914281201044
-0.3550742317980376
-0.3516504615660099
-0.3530661744875487
-0.3586472141226293
-0.35286190561449954
-0.3549283307674569
-0.3618550024891437
-0.3537873302451555
-0.3562821928150788
-0.36326623934979363
-0.3553063559599229
-0.3574524441907143
-0.3630662102872085
-0.3558393548274975
-0.3580031597493275
-0.36245654088469537
-0.3564605790859609
-0.3590374440567137
-0.36294027207456053
-0.3564666558630739
-0.35937219553880845
-0.3617565240142172
-0.35629608443568145
-0.35868797995700374
-0.3601675435063716
-0.35657797295674903
-0.35847966498374956
-0.3583843310221571
-0.35613436513123525
-0.3588928493150481
-0.3579035065820045
-0.35629186600404744
-0.35890155844007693
-0.3572928160251682
-0.35673933942019836
-0.3588037372236401
-0.3566388772879278
-0.3586567364151332
-0.36003379335656127
-0.355178722793436
-0.36062389617073604
-0.3608524407601931
-0.3554351445117652
-0.3636692619195799
-0.36249092778818326
-0.35670723366674506
-0.36590719830171753
-0.36510002207204084
-0.35982760320036145
-0.36870729868950997
-0.3668765982361574
-0.36166687271278924
-0.3706535649991285
-0.3693868212347968
-0.36485233082672464
-0.3729658644956571
-0.37118530578499453
-0.36750463719203097
-0.37421878214937343
-0.372668127082875
-0.36963803350699964
-0.3750807123966735
-0.37407687115260135
-0.3709997302947388
-0.3758887808407257
-0.3752082429722624
-0.37301466675312644
-0.376013003561144
-0.37555642628009916
-0.3729881870477056
-0.37604014583297574
-0.37585845707179566
-0.37312566844594564
-0.37597179522144797
-0.3761769210060684
-0.3718525744739716
-0.3762591498788688
-0.37611030605383444
-0.3711772995405738
-0.37512439670505576
-0.3753737007546774
-0.3698007354828225
-0.37313066257078265
-0.3735535280796912
-0.3675740851882836
-0.3708109757202208
-0.37193584682249736
-0.36464246937472133
-0.36829354712371326
-0.3691195287313129
-0.36268759716795157
-0.3667990084768417
-0.3663874437745414
-0.359888410210464
-0.36959578042598856
-0.37419522367456126
-0.36141042856442057
-0.3768278181621268
-0.3751282554901531
-0.36778999090970793
-0.23541553612338956
-0.2330643280989214
-0.22297925518997794
-0.25368550056024985
-0.2507405503577728
-0.24017700703165215
-0.2711153718598297
-0.2675926222553167
-0.2567480087381691
-0.28671700033539343
-0.28278155901036517
-0.27262471966847157
-0.30125618627627476
-0.2969383518235404
-0.28728630242068304
-0.31507010803601904
-0.3105914257738631
-0.30142880102646796
-0.32770104777165543
-0.32317544603129933
-0.3149082934999159
-0.33847917048352427
-0.33417807277447475
-0.3273131994729111
-0.3503014641335655
-0.3463768407766749
-0.34130054004536087
-0.35967657456603874
-0.3565508288361748
-0.35544677142580433
-0.36858139477157076
-0.3655873702492468
-0.3651233717944864
-0.3763725240742924
-0.3737565933159066
-0.3739775224661013
-0.3828000006556795
-0.3811386336434616
-0.3835897512519797
-0.38955179608254487
-0.38781270139107027
-0.39003975923015144
-0.3956968131314056
-0.3940537570072365
-0.39556669436640124
-0.40000238511505176
-0.3992527663631238
-0.4013669586724531
-0.4044897184923666
-0.40405707286803283
-0.4052827130938059
-0.4091868657069633
-0.40833581440537076
-0.4093036219887681
-0.41244792593368623
-0.4123635808042406
-0.41449568718959867
-0.41516538275081954
-0.4154013984229712
-0.41746385539846015
-0.41865750148838793
-0.419155080889217
-0.4205516182438225
-0.4209750592920674
-0.4216934995191021
-0.4225285894188743
-0.4227519767474297
-0.4239993990352789
-0.42516857216077014
-0.425163605451859
-0.42600349187418807
-0.42705463715578607
-0.42674110764927636
-0.42824278709177
-0.4292404144896779
-0.4284368903915129
-0.4297648571772894
-0.4317081720017073
-0.4307172914282974
-0.4307601298474235
-0.43276170843993106
-0.43187085287347093
-0.43165502948779844
-0.43372148273585326
-0.43258341449671567
-0.43233146942250644
-0.43251053977878934
-0.4336904246899376
-0.43346304980473566
-0.433215140167912
-0.4343508067135262
-0.43359928956368654
-0.43397842253692026
-0.4335338626397155
-0.4336183291213008
-0.43482697600044945
-0.4332764726265274
-0.4344470139420366
-0.43377158379949465
-0.4330299263840702
-0.43485164626658834
-0.434412181832941
-0.4324833129196432
-0.4343263943130073
-0.43419691272576677
-0.43183692045557015
-0.43495496481990703
-0.43407101099173634
-0.4316466212294806
-0.4342364462136221
-0.434085515640291
-0.4316686947352699
-0.4335709581246664
-0.43363418158321587
-0.4323532793919698
-0.4333952518861359
-0.4317637392841737
-0.431145285336335
-0.43274336809711494
-0.43109114190078707
-0.4288616596991889
-0.4305078204421407
-0.42929678096453844
-0.42783903670358947
-0.42951976147832344
-0.42863581653325217
-0.4275435144507402
-0.42985404888220624
-0.42945932799718406
-0.4261082216821729
-0.42750581215923633
-0.42804201882713816
-0.4246393752331328
-0.4262036989127774
-0.426702535901005
-0.42431497689200326
-0.4254476380847851
-0.427225847211377
-0.4217996189592321
-0.4240336888419647
-0.4255002572836422
-0.4201733703308306
-0.42167507372568497
-0.4251318259616072
-0.4177565281384707
-0.42010834774974676
-0.42326770345694326
-0.4153462256260916
-0.4171021186653647
-0.4221022609754669
-0.4106518868277857
-0.4131474879812187
-0.41816127849860907
-0.40910794487293595
-0.4091089433420241
-0.41384585045798744
-0.40230338677507943
-0.40247884867639955
-0.4078647870732562
-0.3959778805643786
-0.39532579807332
-0.4016671535330717
-0.3893610894381408
-0.38860479619725274
-0.3949896183323372
-0.38003717548071264
-0.38075407648677595
-0.3874212580417223
-0.37177400563555013
-0.3719206207260282
-0.37903501969802844
-0.3622289694979156
-0.36149745730459787
-0.36969699605893247
-0.34970536755034515
-0.34890260620198554
-0.3582120852254719
-0.3370256079727009
-0.3367756717497915
-0.3456624340928036
-0.32347509249137807
-0.32321358547057544
-0.33297318082058414
-0.3085902628563107
-0.3091899288302797
-0.31863692800525506
-0.2933685943741649
-0.2939973135297829
-0.3040295019337783
-0.27642374533767206
-0.27757060173977044
-0.28695530162762006
-0.22078719616388412
-0.22496557380047394
-0.23303472215501014
-0.25422326356388253
-0.255823560879632
-0.2616884477631292
-0.14321437784096103
-0.14148558308629172
-0.1323716412206355
-0.21321505434959903
-0.21131728723878282
-0.1977124013254874
-0.14666256717358347
-0.14358639688922145
-0.13437591937529786
-0.19632767317629884
-0.19489397687319657
-0.18063820101932934
-0.19493652895462446
-0.19638868105231252
-0.2002381854721221
-0.2699331190889167
-0.271485511656613
-0.2656934784469991
-0.11885066786986279
-0.11573875530415251
-0.09173216333759796
-0.1811821851582915
-0.17969026490913276
-0.16600486807590548
-0.20494701964802328
-0.2064604861495293
-0.21020451658241743
-0.2602464492607049
-0.26039828088926786
-0.25583472033792165
-0.10522857124974386
-0.10494049364070472
-0.09446028426054165
-0.16649909694388168
-0.16566673430277043
-0.1516686152605769
-0.20712408888603012
-0.2093414804183672
-0.2148332460004711
-0.24881884220179273
-0.24761801476476042
-0.24365806601250584
-0.20260872898712795
-0.20466486777885004
-0.21039174133976388
-0.23543543339979758
-0.2335822215549888
-0.23029881073454211
-0.1939315070259196
-0.1959204616900861
-0.20131972938797357
-0.2213961573009949
-0.21922401067292185
-0.21692042250853205
-0.11015846284381825
-0.1082741889581253
-0.09927577644983024
-0.153066670617503
-0.15209537548572608
-0.13892203816761287
-0.18464897807940459
-0.18679786621845199
-0.19221211272425265
-0.20902248816531194
-0.20664111780657596
-0.20511735229357214
-0.1746192585785232
-0.17743920771764365
-0.18261336953425245
-0.19761168650300817
-0.1946357335818002
-0.19310288996581879
-0.16394475416208254
-0.16757488950823884
-0.17398348981332068
-0.18591237076907385
-0.18245415866989229
-0.18197679554896126
-0.16080664913811446
-0.16712960592095144
-0.17014989783443407
-0.23595329912702231
-0.2381473386207803
-0.24449069592145542
-0.10645193087340123
-0.11173837990498253
-0.1117165344882725
-0.2185234278274421
-0.22129526672323543
-0.22791969421494135
-0.1739934248412704
-0.17891617154370104
-0.18597742956593233
-0.20292179935187835
-0.20610632996818695
-0.21204298328463958
-0.11955388047076419
-0.12636597337070907
-0.1301049642291889
-0.18838261341099688
-0.19194953715501253
-0.19738140053243047
-0.07705561640049176
-0.08449916619135343
-0.08496817599020623
-0.17456869165125316
-0.1782964632046906
-0.18323890192664394
-0.145472872390785
-0.14322124428219227
-0.14889103499001446
-0.19500795926967449
-0.19207033427028855
-0.19456520904335056
-0.08850702736354356
-0.08685103007285844
-0.061278641875100695
-0.14060940750778325
-0.13991243202657108
-0.12624610228426456
-0.15352579098041946
-0.1572639980287926
-0.1645487591382024
-0.1744338388507077
-0.17142515478741807
-0.1711404700272121
-0.1364199465636267
-0.14073113950820332
-0.14586105480119677
-0.16193775191561766
-0.16571244294725368
-0.16975940945319593
-0.12631004325674067
-0.12435211275109283
-0.1311792261045292
-0.18357272245197576
-0.18067143954425247
-0.18306607461736504
-0.05726267919523535
-0.05631932679315939
-0.05188684851283605
-0.04986165835836648
-0.04884152078288933
-0.04564826718138794
-0.07477175536759133
-0.07504082159734252
-0.0652391705320542
-0.12836226563398695
-0.12731921396649276
-0.11461929954841463
-0.14360377964432872
-0.14775490493376403
-0.1551633401219048
-0.16461122500236303
-0.1617323372604792
-0.162608980796858
-0.0895980170728959
-0.09497819989894056
-0.09867271455037731
-0.1511596292037478
-0.15470981620407798
-0.15801672546775203
-0.05564129983058837
-0.06349343791543043
-0.06407460228740351
-0.13936449268810305
-0.14255947272609487
-0.14625841770145248
-0.11011612030052284
-0.10773515507995597
-0.11413688340921536
-0.17516955767263498
-0.17189082145834175
-0.17395083571765818
-0.07100512205812204
-0.07131276320684987
-0.06922807614062351
-0.16713925108627362
-0.16379859133402608
-0.16554860645297437
-0.06505343737211212
-0.06415566637838553
-0.05981395230844305
-0.04356987480647538
-0.042207605756332006
-0.04005646212147916
-0.08134047842223792
-0.07998558919635006
-0.07240408697274416
-0.11803444533691423
-0.116842450491874
-0.10512945441354198
-0.06759565730483837
-0.0654837249337528
-0.041014317792613816
-0.10980146476245442
-0.10797583458499356
-0.09659271423337047
-0.05432898249018353
-0.05381207434657655
-0.04526388589433067
-0.10063343945248479
-0.09895374969656148
-0.0886762951885246
-0.1329592262062725
-0.13710683643722257
-0.1460083525261161
-0.15432422439807392
-0.15177500258342666
-0.15331981370143252
-0.12497223358322818
-0.12923828197697193
-0.13866866028582284
-0.1463267116982529
-0.14452933244941185
-0.14620879410682244
-0.11798143639306681
-0.12250302734650717
-0.13142534598525688
-0.13917634992624428
-0.13849329470215047
-0.1405704925880861
-0.10629587694924793
-0.1098481080684272
-0.11277883799260882
-0.0655662070932329
-0.07031203754591679
-0.07456798697855732
-0.12997648403827525
-0.13238548466659458
-0.135195833830611
-0.12103275863413487
-0.1233343194881314
-0.12616171148638664
-0.04193265266449328
-0.04810676515200887
-0.04902712501850631
-0.11317103619123534
-0.11516529750262695
-0.11843661863720112
-0.0842762205304752
-0.08705569732401056
-0.089537333705398
-0.10657866236189527
-0.10784250795585401
-0.11034326222735612
-0.09613412902815145
-0.09248582812717604
-0.09632053031235094
-0.07521636562446939
-0.07641362562307365
-0.07528353043209147
-0.15794150657651254
-0.1546424923179905
-0.15571624457340882
-0.06180549877010853
-0.059265333451272655
-0.053010172578260344
-0.0930060367984558
-0.09119638037004613
-0.08154855940789062
-0.11224554969348477
-0.11567446134471451
-0.12509985953446115
-0.1335530037690869
-0.13291777175079408
-0.13698962834138925
-0.05101894157317327
-0.053995848470207504
-0.05808591400950205
-0.09978978189180648
-0.1010666830124276
-0.10351113615659102
-0.03353185501340695
-0.03823522979979952
-0.03900613541700096
-0.09354447376054834
-0.09483626284676994
-0.09680364393667193
-0.08272514095204346
-0.07822886669491674
-0.0804327141413179
-0.07058512859122255
-0.06638395226018086
-0.06789277521636013
-0.14935147685589753
-0.14662855589601154
-0.14623478272160537
-0.07876634826467531
-0.08024460363583079
-0.07834200750524578
-0.08106031580466408
-0.08185046917466082
-0.07912296863980695
-0.14076055758532777
-0.1380782852337248
-0.1369188428513055
-0.08283088730791074
-0.08263187580610315
-0.07826696598763273
-0.13340504697442157
-0.13119948007009455
-0.1294689288621346
-0.0835861475051007
-0.08295657477195481
-0.07690686623611508
-0.12782256110444762
-0.12592100730890118
-0.1223716375411575
-0.0832971137321816
-0.08176999981114871
-0.0743740811194608
-0.12201987534343602
-0.12002933934628614
-0.11555526120905348
-0.037834631996933106
-0.036221576659010664
-0.03604243893626617
-0.05132671013983439
-0.048821673649017225
-0.026268714638746225
-0.08639835109135255
-0.08387692160209749
-0.07501050285881668
-0.031762767990605685
-0.03094707674209397
-0.03454245023104198
-0.04638703373136468
-0.04454425087071903
-0.03812890492879978
-0.07285828935541892
-0.0715827005146826
-0.06358839410544928
-0.07844131247320582
-0.07692988827757288
-0.06854808539377691
-0.03927494684446777
-0.03730059840387237
-0.01668465152369377
-0.06720710713007372
-0.06628122536622304
-0.058733703426014444
-0.039286798185873495
-0.03784131193351159
-0.02775153363884795
-0.028543843363830704
-0.027708718302986705
-0.017402696658867543
-0.06229234141352799
-0.061023894081783665
-0.055048160764738494
-0.10750614277658795
-0.1091461824976919
-0.11847333387199752
-0.12897904329246887
-0.12811379959652516
-0.1323688641322173
-0.10206224675045135
-0.10194121395193664
-0.11121051515348755
-0.12445219050211903
-0.12264676162989256
-0.1285021685277845
-0.06784371603174846
-0.07022838908698131
-0.07184149955313543
-0.08906189874883305
-0.08939264641722315
-0.09109239032015355
-0.08344430917156465
-0.08034237481863596
-0.07401997571115905
-0.11691557952685705
-0.1152590850602389
-0.11016280511147855
-0.027429108134963534
-0.026502616309235172
-0.033022114003909156
-0.0356169829009122
-0.03410389682810465
-0.028733995323244894
-0.05761481389070379
-0.05692956645583032
-0.05162638342243152
-0.09572045047743848
-0.09521522828064492
-0.10357874922128468
-0.11941395578381939
-0.11773273836713599
-0.12443543632387125
-0.08924089617904331
-0.08798902679765751
-0.09573814824106439
-0.11475870153103399
-0.11297033023670745
-0.119636502893064
-0.0815061420083068
-0.08097221243976135
-0.08862024097020442
-0.11043451651891499
-0.10816237086424747
-0.11468579468891169
-0.07145904274996806
-0.07240715144184111
-0.08078133112100543
-0.10489511014996698
-0.10326513852099935
-0.10943505672912489
-0.06124332683711883
-0.06253900840671127
-0.07272207514246247
-0.1002389431448436
-0.0986193467501496
-0.10418673987780602
-0.03899561630772449
-0.036080338343438
-0.03146466473534317
-0.033436067399998666
-0.030857987079158163
-0.028653725608119344
-0.028928374510607927
-0.027190158424486133
-0.0260655537187073
-0.025517805351990556
-0.024981303439050095
-0.02389835465199959
-0.02368060708902696
-0.022537376598167378
-0.02241699583800227
-0.02230244183142001
-0.02078681063184355
-0.02080592852195806
-0.04025836236524343
-0.04278260218042914
-0.04583209546144622
-0.08412097767595837
-0.08441536747086303
-0.08556850875955616
-0.028333225642438585
-0.03113252709367169
-0.03175904260043907
-0.07899508425760278
-0.07970615451425908
-0.08012011516000038
-0.05436458948056804
-0.05810474907775074
-0.05785782697761082
-0.032292949191632864
-0.03374027968956511
-0.03583656889703153
-0.07503098551883361
-0.07546643530119518
-0.07542438227195424
-0.07169427480391272
-0.07195181879498475
-0.07138466652370772
-0.023903946123878757
-0.02518470236338109
-0.025732485472606825
-0.06743224795189062
-0.06743609461803152
-0.06739725165267844
-0.059627185098071994
-0.05620335269515142
-0.05676038652790284
-0.0823497312957367
-0.07859479627036473
-0.0711114835108908
-0.11315943392377135
-0.11170894755873595
-0.10583290394920518
-0.08000133684887874
-0.07642052474723057
-0.06891092643333001
-0.11037309301041476
-0.10807383402534142
-0.10117338527430214
-0.07682531659487224
-0.07521297853174762
-0.06780889383041644
-0.10750282963721391
-0.10444720495595937
-0.09722302498589744
-0.07764399133245481
-0.07485272780874276
-0.06875409503887703
-0.10465033368375452
-0.101642199977267
-0.09497524661456391
-0.07546481368547593
-0.07359877420768686
-0.06947174120536802
-0.10182580687043923
-0.09868787197600087
-0.09339331568307516
-0.03178507424808805
-0.029621905360830206
-0.01271726404869938
-0.054056759243386945
-0.05331663268098487
-0.04867619997501795
-0.023498977520679205
-0.022929095963148165
-0.030671959112739428
-0.049948423998618936
-0.04934680435023341
-0.04529611922011938
-0.028170387625448056
-0.026982330244134226
-0.02363137219138578
-0.04643152070496771
-0.0462658416854551
-0.04285224162310715
-0.02084934242720205
-0.020904847555245385
-0.011428043170741586
-0.051118824623159996
-0.05176763338675035
-0.0644940592638527
-0.0955458310312328
-0.09397536042800436
-0.0990095893432107
-0.04442700640807239
-0.04220772704125367
-0.034515530079357745
-0.05034934774320864
-0.0484435968333822
-0.048146170600371976
-0.021218182717084734
-0.019164257330241803
-0.019250890767018178
-0.07592309053708209
-0.07422279883288146
-0.07084299881846194
-0.09934395236819848
-0.09587564262081634
-0.09006396555272704
-0.02628716416453688
-0.024355751586391815
-0.010346947714800497
-0.04328762785838242
-0.04315913375344599
-0.03997721904958161
-0.020261217346185304
-0.019819670722336966
-0.02756022239142131
-0.021672055052773743
-0.02081988994779709
-0.019004190341986617
-0.037031970746189316
-0.03686536841899858
-0.03514074503465788
-0.03996379372837548
-0.0400117466092834
-0.03718306261426252
-0.021787871919063177
-0.019853017565169464
-0.008223158857141828
-0.03438853269854501
-0.03400188210166647
-0.03229129054596225
-0.04821621810182272
-0.04688634103504953
-0.03734157836778254
-0.08970631180679675
-0.08874927162571893
-0.09395185119999343
-0.04996657646134043
-0.04941067541240906
-0.03984494611793495
-0.08474937560791693
-0.08417033487386924
-0.08915542784576347
-0.020666396038265488
-0.0173616862234445
-0.0175665552943434
-0.04439539145559325
-0.04838055079376754
-0.04812305812048619
-0.06437975876065881
-0.06401521394805258
-0.06380313698405993
-0.02535647571819144
-0.025976627813822463
-0.028434093544636732
-0.061493882133064996
-0.0604921405103975
-0.06053619718321992
-0.04345360853782725
-0.042182131883756656
-0.04156789872867722
-0.0765162626833039
-0.07540816664841915
-0.07498178169488576
-0.096400062014058
-0.09337390499597033
-0.0887925765087559
-0.07760715980549678
-0.07760107140299262
-0.07869350756261069
-0.09419991238341874
-0.09118020176137927
-0.0875260217056797
-0.07872050437266725
-0.07557295880434256
-0.07990966014305549
-0.09168351624176603
-0.08887858944073436
-0.08629176267846053
-0.04149009370497378
-0.04186293059066914
-0.05661027283221075
-0.0520599150097155
-0.05102085074425351
-0.042345753694901525
-0.07997127964177106
-0.07990767037574693
-0.08480282268107808
-0.021047116403169766
-0.020759252538051307
-0.021152632054934128
-0.05808199919282388
-0.05763897456299665
-0.05769501136169701
-0.07543757997262714
-0.07380511226665075
-0.07867500925602482
-0.08902218541252604
-0.08609714165843727
-0.08394266815874202
-0.016430166256343016
-0.0166354799878013
-0.02423983120511482
-0.03107824229659556
-0.03106704662361842
-0.029533299621938503
-0.011876486038883426
-0.011602188393569756
-0.0036180025642939774
-0.015399292397369951
-0.015965006771497117
-0.0072242191730982315
-0.02777585828266038
-0.02884869497042374
-0.04245706898617648
-0.03478279914657643
-0.03475965946145998
-0.0493104817278284
-0.05363767614044882
-0.052426229898286436
-0.04495635609013707
-0.07623179764506427
-0.07625738713289447
-0.08070186733831541
-0.05551335495140499
-0.053768123597269235
-0.04694860926179711
-0.07315415555157051
-0.07316731956111844
-0.076832424396605
-0.05638111075313046
-0.05559011411757029
-0.049502112009886294
-0.06982702314184505
-0.07078791370952846
-0.0738186269662355
-0.058072107994399
-0.05738771913766948
-0.05192349346718758
-0.06802854319511946
-0.06877742076522185
-0.07041651928019108
-0.01998436730506542
-0.01563466315428499
-0.01568007886357372
-0.019111970878760046
-0.013756486673723369
-0.014192361836337701
-0.05566008599566019
-0.054337084667305
-0.05521104140178782
-0.018511037690631178
-0.017162288113438534
-0.017772429817474247
-0.020219445267769205
-0.020226952071830576
-0.022747433110931897
-0.052895612395025264
-0.051998819396972366
-0.05160159230354615
-0.04947200705800846
-0.050371960942985905
-0.049301726549492775
-0.03654811511690012
-0.04058059799358163
-0.041018679565450085
-0.029480041401569044
-0.03631036648557454
-0.03411625563327717
-0.01422146886919094
-0.01645387698083169
-0.019005530528845457
-0.047535524703796364
-0.04838923559139428
-0.046774191357941676
-0.045639544619744066
-0.04658189018666397
-0.0457395205743052
-0.015992587520460677
-0.013956291934697485
-0.014777344565553921
-0.043293585811586086
-0.0445102683597933
-0.04393122413064142
-0.02510750066973933
-0.03280432307065383
-0.03113334167898702
-0.04153691876771061
-0.04315984892489142
-0.04262074241280968
-0.03701909412452741
-0.036835840290154846
-0.036480578920802025
-0.030960969367377324
-0.03320967282954737
-0.031529296732018514
-0.07237932796444026
-0.06990568249340191
-0.07410505309516364
-0.08625180597527538
-0.08366121309484985
-0.08124620780035016
-0.06779254004461123
-0.06547209877150759
-0.06977058995965225
-0.08356206839862866
-0.08137512809712577
-0.07921734788871977
-0.06210785541063246
-0.06021076313335375
-0.0635153508096
-0.07995905925205368
-0.07814695399652785
-0.0775435338473398
-0.0576325892889389
-0.05662258328505145
-0.05799729888420985
-0.0764315142499329
-0.07568563793471794
-0.07498043220474761
-0.05222303867470824
-0.05199300589863712
-0.051416440942100544
-0.07235595239468506
-0.07263216351510866
-0.0723071699911335
-0.021136335654968644
-0.022814933622813647
-0.023529271145847564
-0.06861331823284597
-0.06888350799006794
-0.06807011834062703
-0.0230574665661461
-0.024845160925654693
-0.026017923061354177
-0.06503747196237727
-0.06566373311363267
-0.06495993598850817
-0.020132913719976782
-0.02063915761647146
-0.02089072904903292
-0.018798924960993932
-0.01906305464966642
-0.01698313332053761
-0.017851203841421158
-0.01793619086317403
-0.014028183037739709
-0.015769528354017452
-0.01590302932561818
-0.009446757929067367
-0.013923552809672075
-0.013755530601447944
-0.0071411547051864555
-0.012750912021957026
-0.012292029391786504
-0.005186006269146944
-0.011563094182838891
-0.011165795819283312
-0.005767186169079321
-0.01068324309878393
-0.010239475923400946
-0.007524917851713441
-0.00931527712561363
-0.009618048972112214
-0.009193656927953918
-0.015978618788497094
-0.015051271028418843
-0.014720696890389108
-0.028554781661172767
-0.028145017806881504
-0.027112830996499918
-0.05812963170804956
-0.05814885259594112
-0.054258244045005066
-0.06597202795528424
-0.06686433355686587
-0.06765466590164566
-0.0579799609970358
-0.0583098863895475
-0.055453984365377434
-0.06420677309282266
-0.06487769923310721
-0.0652881336994862
-0.018055483302227393
-0.01207886910581971
-0.012657935724664504
-0.04747698257787734
-0.04606857436725421
-0.044540847194779465
-0.023840277000396683
-0.025853690715083897
-0.026737682671541137
-0.062014458021067205
-0.06216835868474746
-0.06146950857084572
-0.024318966286825172
-0.025518957876749165
-0.027095635853176536
-0.05889502673406076
-0.058994159660251726
-0.058523375388418376
-0.008508464296474663
-0.008453575346247345
-0.009275338360127092
-0.017522200593207457
-0.015731158897294248
-0.006147009275317437
-0.026273385625479206
-0.02577674614120815
-0.023846705852097097
-0.027300998291125426
-0.030553976425095816
-0.02915387956508749
-0.02221790996737789
-0.02352299807172865
-0.035653946939450384
-0.05642944707503362
-0.05723931589207105
-0.055380025568941324
-0.062155956763331
-0.06314888220889954
-0.06283492209093816
-0.055401289845287194
-0.056720571109615446
-0.05672923166883184
-0.060726126026272836
-0.06173879448763853
-0.06088906279336358
-0.054146022865828154
-0.055390607762198896
-0.05647419676312339
-0.05911765300151988
-0.060138560318143394
-0.05964979990901884
-0.016429418097971327
-0.0103555258542376
-0.011487400733822659
-0.012137549734475476
-0.013717641961303722
-0.016143861480589182
-0.04067541942354838
-0.0421025019766699
-0.04047051150571423
-0.013305298777139074
-0.011425212525519991
-0.01235028239527973
-0.039313008625916857
-0.03966504464843735
-0.03896490359657804
-0.013598221013587113
-0.013330931165806323
-0.020313387651159344
-0.011964869247654697
-0.0107173962179717
-0.010153991518605833
-0.02160113971526341
-0.0202633505679722
-0.0186782437220649
-0.02427104269338569
-0.02293609914089777
-0.020673537517424324
-0.010694004359900968
-0.010240918560289004
-0.01601936077601433
-0.013727347359857693
-0.011610152679051963
-0.004098934557403891
-0.017919257607602195
-0.016719089153491826
-0.013101992017110672
-0.01999188111896159
-0.01855535866149606
-0.016282332999712976
-0.009745181398031997
-0.00823981216423823
-0.007256699964262945
-0.017049318434827966
-0.01477583038807673
-0.011931215557040352
-0.006039359033403468
-0.005202410658447373
0.003256323283315976
-0.008880917790115964
-0.007688414891354455
0.0005244358693281342
-0.01260066077948182
-0.014148864536497037
-0.024068131688820212
-0.01694830471541879
-0.018803382167054287
-0.0296325133473091
-0.05251928816987327
-0.05396295814839983
-0.05548499492425311
-0.057777908457554525
-0.05870842353330407
-0.05863969037266429
-0.05114350461986776
-0.0520118219063225
-0.05380733800523473
-0.056970776667076825
-0.057332709059006046
-0.05834586355554352
-0.04910396080810077
-0.05012178215824027
-0.05239681968097198
-0.05589402903538533
-0.056347557628760314
-0.05804089425181643
-0.04712871418968468
-0.04795065134148105
-0.04971710409907613
-0.05511828315270915
-0.054904358916441416
-0.05676998141212591
-0.04427501191686376
-0.04602618726875837
-0.0477257293199618
-0.05361358537300752
-0.053764797675258345
-0.055653299295235846
-0.01486868883688478
-0.00895874610017791
-0.009848034172325465
-0.009772483947847467
-0.011970725914806548
-0.013714814347081727
-0.03868961569560009
-0.03731715355847039
-0.03715352910306161
-0.037163605648668066
-0.036006136004046854
-0.03418845722763366
-0.013086698816874865
-0.007190854270298594
-0.008517741604969334
-0.010713398632870649
-0.009225168300303307
-0.01019687249717475
-0.03620073951643919
-0.033669573590670895
-0.03191844823931227
-0.03372113576440639
-0.03171534362403008
-0.029908649795398166
-0.007689124645582606
-0.009444360193921317
-0.011173762875474884
-0.031696719326523466
-0.0295401847126754
-0.027186815517800486
-0.02382092685871529
-0.0283584074582925
-0.02730549493073614
-0.02063443694753151
-0.024524489353731516
-0.021390908190428833
-0.008214401152133247
-0.006863681862948284
-0.008168159085502627
-0.028730738634129824
-0.027347619285532344
-0.025791132672439265
-0.02600770984877781
-0.028239832122917367
-0.026614621201298323
-0.02548734088356855
-0.024444405290367625
-0.021721575742137525
-0.04198000539623114
-0.040818572187977936
-0.03894201292715393
-0.0381741810206705
-0.03631466796966359
-0.034731825899304444
-0.03457606044723559
-0.033475201783502564
-0.031427739535241715
-0.03209188594818796
-0.030477687826558145
-0.028742402434600547
-0.05630236453637869
-0.056081201577531985
-0.05537986953709511
-0.024422476832287005
-0.02453101818666877
-0.02658885761399519
-0.022793235157942064
-0.023085869533840703
-0.024220292567913863
-0.05383196126432563
-0.05307222333831051
-0.052778909865011193
-0.05159406208321481
-0.05053076379738851
-0.048818114109048454
-0.02421047858819076
-0.02560351375097387
-0.02663746710249444
-0.02290368548814335
-0.022277786647046043
-0.0236503980658479
-0.04941902303330474
-0.04845376346534415
-0.04639138220592141
-0.0218133666863217
-0.02389996323912953
-0.024626749139301397
-0.022836116758211695
-0.025181837072145004
-0.027178885792848658
-0.047626625899011565
-0.04616509834988909
-0.04388736860552212
-0.04563846127070385
-0.043933547207260545
-0.04239860919895059
-0.02331026081491099
-0.02611856557115025
-0.026651754508945257
-0.043552626666557445
-0.041989669215188034
-0.039671776446304555
-0.024888559355889343
-0.02805768214717347
-0.029588749597641486
-0.04136024743064519
-0.04034686866275482
-0.03803454307368685
-0.027764080648222965
-0.030672284122896652
-0.03160238740027879
-0.040276339471424435
-0.03907697376596515
-0.036391750426515206
-0.03127411352682952
-0.033035695006877155
-0.03563919057106568
-0.038856544325279525
-0.037044371780306604
-0.035222410897314774
-0.03527961728847534
-0.03320070900181915
-0.033393371447156484
-0.036595876955640996
-0.03559802537336898
-0.03282467793939859
-0.011225237672133043
-0.008808128234088447
-0.0011217319978923468
-0.015429517624008349
-0.013167057880580212
-0.009370215446949317
-0.04138724561531
-0.04338882978438772
-0.0449729888175699
-0.05258338926660371
-0.052349810283639345
-0.0542521262366017
-0.03798420944181049
-0.03990017205898649
-0.04111999903491776
-0.051023004020085944
-0.05070714162546153
-0.05194544631233893
-0.01303879457827553
-0.010806969566475106
-0.0108254472774212
-0.011196143651293811
-0.008960980499251706
-0.00927913741903189
-0.009338573456143863
-0.007738610406500019
-0.007927569975274083
-0.007989568963024551
-0.006953707574960398
-0.007052877313049804
-0.0067908349224021355
-0.006252262354242309
-0.006483209219934984
-0.005688434290044501
-0.005318097320770347
-0.005004587398805557
-0.007444047288133387
-0.007528131336414965
-0.009524191324184477
-0.006490004869303094
-0.006305534745940189
-0.008598177988749796
-0.005190172158773045
-0.00478982113384415
-0.007692555413343084
-0.008472879541233136
-0.007637018361610226
-0.012082085651163418
-0.013751074206035286
-0.012128750489973007
-0.008068538003383127
-0.007266721177583473
-0.00614972323236273
-0.003335028607278051
-0.012654789185748586
-0.010914570814022109
-0.007521338654560025
-0.006515720270526142
-0.005841067728321234
-0.009496489808581084
-0.008306579707795662
-0.006748081994836484
-0.0010989145823479978
-0.01023242211000509
-0.008843623899358435
-0.004172028859318989
-0.011415840570812612
-0.009974529369380607
-0.006417642600019492
-0.005632906317581228
-0.004720823990674448
0.0003086434153109588
-0.009449501200966277
-0.007755798188141521
-0.0026042679636904976
-0.003309514889573927
-0.0025892970403843737
0.005346474549347473
-0.004578027260063109
-0.0036219064724773444
0.004041760058869163
-0.00875118503227175
-0.010045587243913903
-0.01769969657677956
-0.006264533759103902
-0.0069452059824440925
-0.012183398442309092
-0.03389557764869791
-0.03540455065835767
-0.03681552371496422
-0.04933739186844632
-0.04870902365778488
-0.04881147777646753
-0.023943054892719372
-0.024564831903737473
-0.027539361171650827
-0.028984654964012882
-0.030065655926152696
-0.03250510701259753
-0.044482249143512065
-0.04389789800506538
-0.04282152821236911
-0.04709512770795035
-0.046325117443623866
-0.04612867912759711
-0.01963744384550836
-0.020765251099490328
-0.022771200660551112
-0.04137731048875894
-0.04152963455406677
-0.039991609252497964
-0.01578801252527035
-0.016798973720562615
-0.017934571324936026
-0.0391428028681742
-0.039019707260167444
-0.03697413774106444
-0.02408159945007065
-0.023144866205947006
-0.02171793425423408
-0.024089527945964775
-0.022934167788158107
-0.020419871258910063
-0.03383426823311558
-0.033974802301020575
-0.03166346532582819
-0.03677208181014266
-0.03614178844377157
-0.03411860243014287
-0.024057769584055602
-0.02367951011843559
-0.022205483016858832
-0.023354790342903956
-0.022220733539604836
-0.019039566416128344
-0.03197363798933776
-0.03219685725322218
-0.02881784638534533
-0.02359595204022416
-0.023005032778046868
-0.022832289933982123
-0.029682110043596718
-0.029793244810569337
-0.026626246051343172
-0.02173986664325069
-0.020764383454576436
-0.017220408591946776
-0.023902541496068956
-0.02340235799135622
-0.023346741827307813
-0.020539194250792838
-0.019333066101327956
-0.015282167040718258
-0.028348639804904627
-0.02815849120751259
-0.024178438617423796
-0.023463710338322112
-0.022763183117107632
-0.022612637236565356
-0.018110472743937626
-0.016259461517471253
-0.01362357211499962
-0.026403801062359872
-0.025885724185752704
-0.021639315189669085
-0.015441814219748476
-0.013304472999427287
-0.011995954061503403
-0.004825265165044199
-0.004736337321917066
-0.004120358091434457
-0.004045520466685505
-0.004037824870016798
-0.0033597012039825974
-0.003266682695217458
-0.003230662173499979
-0.002664106941598314
-0.0026172488252803675
-0.0026831189422844284
-0.002136168504325264
-0.0020225321439114826
-0.0022088831970680477
-0.001585665885051659
-0.0015778624881307138
-0.0017702749784807305
-0.0012130234143313083
-0.011115941885601381
-0.0055943374705865415
-0.006871517867272916
-0.005300989828659595
-0.007458147735243754
-0.009811226237725085
-0.027415272054341848
-0.025077474257816527
-0.024043261430387756
-0.02638860728953878
-0.024378186434742637
-0.023079631442613206
-0.008974217688537098
-0.0038782448166267435
-0.005681020396221571
-0.005850846340664159
-0.00494179264932884
-0.006493758231681463
-0.0031309251656415652
-0.0053379427534915825
-0.007949127800321712
-0.024767792237494007
-0.022502759081227914
-0.020891141385203787
-0.022131491508156995
-0.019022093487060587
-0.01802531234166706
-0.020242950146717256
-0.018222943065867754
-0.016648465076393778
-0.0066153078478729125
-0.002398701427590487
-0.004172649949817654
-0.003655506214530344
-0.003219079938630279
-0.0051672970548639775
-0.018567903749172002
-0.016418348380317867
-0.015112925429001618
-0.015375398796650064
-0.01409344654353205
-0.012145736521617457
-0.0009477261521350829
-0.0029964478980790896
-0.005915307346358673
-0.01378242148465302
-0.01153756745560082
-0.01049124569445467
-0.004282861048838733
-0.0012086354731520852
-0.0025043727359113977
-0.0012820932605968332
-0.0019355594215959932
-0.0032923556831599013
-0.011850615465737327
-0.010283248797035087
-0.007909493569075773
-0.00958993013527328
-0.00775564714702007
-0.006351838731433228
-0.016299330168740467
-0.019483136787229988
-0.017171743563114857
-0.013157273819619933
-0.01514384867043384
-0.012344291945445493
-0.008760090948777152
-0.011694745115941567
-0.0079730865717998
-0.00530706908643454
-0.006547011673867983
-0.0038474659955218286
-0.020516337481996546
-0.020483937422584073
-0.017622973586936652
-0.018916945896829844
-0.017560966431899073
-0.014397383153522333
-0.014912397534641702
-0.013199268441687591
-0.009945628374137636
-0.02940948443203866
-0.02854120515164179
-0.026190052251015897
-0.028800826925272787
-0.027444894263547858
-0.024597821541134466
-0.026515337545161458
-0.026175976818298155
-0.0227409841400734
-0.025813259212689888
-0.022265135110759615
-0.01926061946622062
-0.032417765650990145
-0.03312199451771944
-0.031859317934110384
-0.02351363270896929
-0.019423536309023413
-0.023774283900171233
-0.03313347940363254
-0.033751173578290904
-0.030827441542656597
-0.024497188230049153
-0.02071730487598547
-0.024247685045482602
-0.011483847928990125
-0.013727785539979366
-0.0111403425697529
-0.012572038380299867
-0.0151402867382482
-0.012690972165599187
-0.0010881904513097395
-0.001412501198268829
-0.0015506295958462877
-0.0009835555210798562
-0.0012937685669620576
-0.00047340114531137044
-0.0007157137526423847
-0.0006291790605714774
0.001031876391453771
-0.0002888418049416851
-0.000295588491620338
0.0005686935077578884
-0.0001563020029455672
-0.000131931991926896
0.0004080170838559164
-5.377502792104494e-05
-0.00017172924842608756
-0.0003049889868681924
-0.00624814341496612
-0.005336651199766252
0.00013778553507279192
-0.008306296900734238
-0.007124212404289334
-0.001357938647860519
-0.002242507236264392
-0.0015345637987165752
0.006652228015337863
-0.0072376060423361725
-0.006308017219476038
-0.00021624706164789388
-0.003109260863016959
-0.0032264473745441135
-0.005318728017671508
-0.004204279951875317
-0.004358929646491762
-0.008248483449056983
-0.009752668783045001
-0.010829936095073558
-0.009945531071593997
-0.012682553864177964
-0.013207620655613454
-0.013698731171232645
-0.022949540526237485
-0.021908094213882574
-0.021568815707225058
-0.0248289041974934
-0.0241127669322667
-0.02018758488128042
-0.02200356896503935
-0.02175172432089006
-0.021131287332898204
-0.023309862860509407
-0.023079661106301608
-0.019430666043598752
-0.02166510861598465
-0.021846143187418746
-0.020922612933580644
-0.022308033252767784
-0.022476794214139218
-0.019657443985455658
-0.021502315602142434
-0.02148448759914631
-0.020703992419415
-0.021647432831144228
-0.021591506941347316
-0.01941069040296173
-0.020562888398796032
-0.020771407176812577
-0.019340777198072118
-0.020875399270751473
-0.020901437764017674
-0.019555679157261474
-0.0198621458923753
-0.02000471390022945
-0.01886719296894384
-0.02024757954144482
-0.02040239425204853
-0.01990431496071193
-0.0012052501684486293
-0.001344114383638501
-0.0007933292362237547
-0.0008452516092327163
-0.0010489350554610697
-0.00024838326752888985
0.000476168213793735
-0.001589675504390616
-0.003840501141528932
-0.007085466931105771
-0.00550454494696274
-0.0038317385516339207
-0.0024079551298891006
-0.00043522241288167473
-0.0010732863731867622
-0.0002191140249282108
-0.0008180460476636224
-0.0016104340577009417
-0.006128623504066248
-0.004157700482649438
-0.002918030349056362
-0.002089542341129413
-0.002849057358953672
-0.0022737671013499565
-0.010568522205140476
-0.008347689375439091
-0.004617137885915871
-0.022802344512492186
-0.01875171013511559
-0.015219723406101867
-0.020242365851646456
-0.015871103644037807
-0.013020021937359244
-0.004364046312758211
-0.0034134771551934365
-0.005647837639673682
-0.004892070734866816
-0.0046851651280815695
-0.006957786078672315
-0.004062391584206514
-0.0032351540044537473
0.0034555773990740473
-0.0063931950425898075
-0.005245422541366361
8.194556436931201e-05
-0.0044668311377715885
-0.0036862217469468953
0.0008529683327892141
-0.005392940806777792
-0.004396349432874583
0.0010370663908763702
-0.007915868405282182
-0.008517347134786565
-0.006612363368486463
-0.0035087043369091985
-0.002560174863275278
-0.00556754087322665
-0.0030734354064340134
-0.002823571310038374
-0.004870908810924192
-0.004283981634546022
-0.003179175511396669
0.0016640234498203688
-0.0026958212466570296
-0.0014766538468056905
0.005787870051904301
-0.0035490502469937455
-0.002296713471302696
0.003281166943386847
-0.0012105462281120085
-0.0003556042013582944
0.00653493226074456
-0.0020581534857681215
-0.0017875612045230832
-0.0014957241829333218
-0.006086158003372576
-0.0067882120325224605
-0.0037939561173610243
-0.017755436964861652
-0.01819864586317715
-0.01789477677577206
-0.018755253002708864
-0.01904339680436398
-0.018645338835698914
-0.018753488870332978
-0.019035813978924905
-0.019645878048503228
-0.01940850793822845
-0.019717976894801436
-0.02016205723803353
-0.01585573730049874
-0.01670746009202295
-0.01691905279326721
-0.01723468352310859
-0.01801892897818385
-0.01886924841735414
-0.014176346150164004
-0.015116909181402141
-0.015442405596837842
-0.016131722803681643
-0.01693864091969924
-0.01750868191429126
-0.012737997313402616
-0.013512377359331975
-0.01345391159201766
-0.01516226357169219
-0.015925027988031335
-0.015851926322205213
-0.01140886733577172
-0.011884719879176699
-0.01156006381864835
-0.014307475507770027
-0.01496942583984966
-0.014299964599745134
-0.010020635459920458
-0.010070786612818136
-0.009323666894881294
-0.013543072264658328
-0.01357160585706982
-0.012429286955474976
-0.008469824965368144
-0.008920098690974444
-0.0073699703579278835
-0.011985220541904231
-0.01243110887008258
-0.01049025182560914
-0.0035153955765360803
-0.003511010179108137
-0.0031202814676812548
-0.0034387950204451097
-0.003212445291776922
-0.003088141113700876
-0.010830541317171642
-0.011353944893744243
-0.009342242637587837
-0.003143722550349154
-0.003147168796611224
-0.003206901631298506
-0.003522436804737856
-0.0035008192442516897
-0.00310562006059368
-0.009463112465082878
-0.009959728266172975
-0.007830251733260414
-0.002760520614130289
-0.0027546106889065718
-0.003064535836395579
-0.00836062466486797
-0.008267471520746505
-0.006260652773033678
-0.0028986081719982993
-0.0030847059606729575
-0.0027399007810967697
-0.0027045805296956917
-0.002414068434731493
-0.0025173278111510124
-0.007007864514515911
-0.006641137550180918
-0.004915948860893632
-0.002424266258289569
-0.002412650628699355
-0.0023980147301875445
-0.0019553766535176332
-0.001821731738297091
-0.0020662763174534166
-0.0013789462226098486
-0.0013114688861608943
-0.0019501956240869415
-0.0009980519054713216
-0.0008371681157477538
-0.0017511012727311802
-0.0006532549355195863
-0.0006745800904374567
-0.001516718402334613
-0.00038543364906952254
-0.000397680351819078
-0.0010371219917680676
-0.0003125108719554376
-0.00013003058720509894
-0.00021490195918935555
-7.469329018458205e-05
-6.926037089376784e-05
-9.686745139436878e-05
-1.5788665126684265e-05
-4.388173479045321e-05
-6.180038596079758e-05
-0.0006924958847466771
-0.0005958137967948312
-0.00025130178749852624
-0.0025103009879149972
-0.00170703741205555
-0.004613532668300954
-0.0017036674867268542
-0.0014234992449826034
-0.004700601168790537
-0.0007828050615195036
-0.0007823006531897664
-0.0038968725763651314
-0.002345787009902858
-0.0015255436976077024
0.0032151563260304134
-0.0027791421325399066
-0.0015346717605948315
0.00418081896905359
-0.0015188301974157967
-0.0011762486904798057
-0.00042441997897633597
-0.001232037799403829
-0.000721912628311552
0.007811826469784605
-0.001456849722705963
-0.0008459200589209504
0.004756034195654658
-0.002159888234752483
-0.001057872873114858
0.005252366508438598
-0.0008892657617817229
-0.00041265880774167156
0.005717457051752237
-0.0010281035189462844
-0.0004154486396548686
0.0061835189002489395
9.035604138474527e-05
-0.00043039082012396267
-0.0017924130210405372
-0.0009370618208392325
-0.0025321187000534526
-0.0017924130210405372
0.00031841278875968405
-0.002413834946071997
-0.0012004807281631948
0.0007450353618230765
-0.00022587571807623612
-0.000837073645824047
-0.0006548823244368249
-0.0023657105351847884
-0.0014519900121497747
0.0013261763258513928
-0.0012036226915742051
-0.0006354715710768472
0.0003557292033540682
-0.0013293430847367462
-0.0010017894322496665
-0.005909509479138036
-0.0033396544349858157
-0.0013075962913554214
-0.016419529096329065
-0.012289186515581344
-0.008448035488573544
-0.0006410580373366864
0.00011837581736494834
0.005676786487414947
-0.004446098308835682
-0.004756133216156359
-0.0008316967901159555
-0.002940090724037775
-0.003122541068645047
0.0009733220468963046
-0.006319389914733726
-0.006812559469561757
-0.004623350101961915
-0.007391746296726529
-0.008141499601967325
-0.006254101523886964
-0.002310309733755496
-0.002175145940044921
-0.0018232984869037256
-0.005081899735124601
-0.005004524182292315
-0.0034987643394333444
-0.0023415080717491582
-0.0020335356579664707
-0.0014168947841462706
-0.004133411961431784
-0.003950288741703479
-0.0023014805197393157
-0.002008134961382118
-0.0017862426639571214
-0.0012973019017527055
-0.0031940291756798883
-0.003062002598712552
-0.0016362564261649935
-0.0010059835099040274
-0.0011984549200915174
-0.0005436259301725337
-0.0015705942995319975
-0.0013524713119290855
-0.0009313274030824715
-0.0014131704598090516
-0.0016117140507443406
-0.0005656395302579013
-0.002270761704271049
-0.002222296967814523
-0.0009595398141713521
-0.0004176627830467321
-0.0007070302729554998
-0.00027443259481869963
-0.0005206908542516953
-0.0007953185656333963
-0.00018512159313214323
0.0
0.0
0.0
0.0
0.0
0.0
-0.0003197980245903818
-0.00043911642961233114
0.0024362855326959415
-0.0005745158233867151
-0.00024247619820389418
0.007791646039493896
-0.0003244561127262926
2.6594239368207096e-05
0.008738123033556863
-0.0003975127953181402
2.130875455573657e-06
0.007702635349960768
-0.0002547177987963333
0.00019664023140843694
0.005355360506797955
-0.0009261096690062053
-0.0007101276859276899
0.0001840980580871585
-0.005600104050737685
-0.005512860831839937
-0.003196116936638099
-0.0027715900013691066
-0.0028293782422473953
-0.0016754658525296178
-0.004303283984820224
-0.004227069115449426
-0.002398621049742616
0.0
0.0
0.0
0.0
0.0
0.0
-0.0003762115372375091
-0.0003081591628793358
-9.15643087278248e-05
-0.0009704471224973247
-0.00012572039316254103
-0.00036631786117281905
0.00019984055589586798
-0.0001579779067820498
-0.0006537306780190312
0.00019984055589586798
-0.0001579779067820498
-0.0006537306780190312
0.0010033447031349203
-0.00012481776064958333
-0.0004215762079711339
0.00016965128519302853
-0.00012481776064958333
-0.0005032288415413674
-0.0013999176862599003
-0.0021398348171085524
-0.0006149163663257279
-0.012458483795280414
-0.008232960394642393
-0.00448437403936817
-0.0018793636712559287
-0.0022046727183840935
0.0013812308259446705
-0.0017919038896826258
-0.0019167530837370089
-0.0008845857355930456
-0.000433355122637049
-9.128062987128698e-06
0.0009656626430231786
-0.0013062938954700551
-0.0013279367854115245
0.0017006212892994779
0.001177270211331368
-1.5208700501609939e-05
-0.00013528490294459578
0.0009524354446312746
-7.12177074615175e-05
-0.0003514073457645834
0.0006759753708569268
-7.285074999533805e-05
-0.00020951544337393922
0.0006759753708569268
-7.285074999533805e-05
-0.00020951544337393922
-0.0008336934179418917
0.0
-8.165263357023349e-05
-0.00742612879550441
-0.0038767447815025603
8.762589895011353e-06
-0.0002248119233021338
-0.0001240074306093984
-0.0030557922741299317
-0.0002979884080377361
-3.499145877536681e-05
0.00804405778454028
-0.000297221712920211
-8.504575053121849e-06
0.008883192433630789
-0.00017263474944933876
1.1989666876724322e-05
0.005751035378563442
-9.523942174431372e-05
3.400183998193321e-05
0.007746438150190788
-9.523942174431372e-05
3.400183998193321e-05
0.007746438150190788
-0.000260136669697193
9.325262076435728e-05
0.00926531052622417
-2.4646281566719536e-05
3.380075882608438e-05
0.006617380327762084
-2.4646281566719536e-05
3.380075882608438e-05
0.006617380327762084
-8.750192024785424e-05
8.126295388763297e-05
0.00351427514766073
-0.00013883775716456165
-2.7898319131971096e-06
0.00046606184849669476
-0.0006271359716564421
-0.0005867692919300155
0.0013269693340858077
-0.0007001674047390513
-0.0008698256558854366
-2.8212411088881272e-05
-0.0011858942142977695
-0.0012757599347554308
-0.000338954524412288
0.0
0.0
0.0
0.0
0.0
0.0
-0.0001030280712049632
-8.82882926778966e-05
8.931100168655641e-05
-0.00040718694990502424
-0.0004132591306528231
-2.2013600085367327e-05
-5.21589784267615e-05
0.0
2.242012528219061e-06
-7.042393881721277e-05
-3.775897130723927e-05
0.0013901694678476596
-0.00022483476670009337
-5.6009006959907563e-05
-0.00021612244281998762
2.7157134395840113e-05
2.8558012540480427e-05
0.004414593567887803
1.4258917041738785e-05
4.842452421674377e-05
0.005974902303303367
-1.2898217354101329e-05
1.9866511676263343e-05
0.0015603087354155599
0.0
0.0
0.0
0.00040240410409516346
-1.684174303543049e-05
-8.323069269265595e-05
0.000453478902932133
-1.684174303543049e-05
-8.323069269265595e-05
0.0003265714794769954
-7.569205206754858e-06
-2.5906871948262022e-05
0.000335389747988075
-7.569205206754858e-06
-2.5906871948262022e-05
7.666951175250958e-07
2.648688372224495e-05
0.0008391346490905137
-7.305668259184764e-05
-2.4463363912633442e-05
-0.0010354876835960893
2.7157134395840113e-05
4.842452421674377e-05
0.0028912547937015266
2.7157134395840113e-05
4.842452421674377e-05
0.0028912547937015266
0.0
0.0
0.0
0.0
0.0
0.0
0.0
0.0
0.0006622219875507007
0.0
0.0
0.0006622219875507007
8.818268511079632e-06
0.0
0.0
0.00013364832733104404
-7.695239140572596e-06
-2.5906871948262022e-05
0.00013364832733104404
-7.695239140572596e-06
-2.5906871948262022e-05
-0.00013550634939509828
-3.812466106956318e-05
0.0
5.746786319253481e-05
3.4014244262182914e-06
0.0
5.746786319253481e-05
3.4014244262182914e-06
0.0
5.1074798836969575e-05
0.0
0.0
-0.0010274178622239778
-0.00210172787992949
0.0
0.0
0.0
0.0
0.0
0.0
0.0
0.0
0.0
0.0
0.0
0.0
0.0
0.0
0.0
0.0
0.0
0.0
0.0
0.0
0.0
0.0
0.0
0.0
0.0
0.0
0.0
0.0
0.0
0.0
0.0
0.0
0.0
0.0
0.0
0.0
0.0
0.0
0.0
0.0
0.0
0.0
0.0
0.0
0.0
0.0
0.0
0.0
0.0
0.0
0.0
0.0
0.0
0.0
0.0
0.0
0.0
0.0
0.0
0.0
0.0
0.0
0.0
0.0
0.0
0.0
0.0
0.0
0.0
0.0
0.0
0.0
0.0
0.0
0.0
0.0
0.0
0.0
0.0
0.0
0.0
0.0
0.0
0.0
0.0
0.0
0.0
0.0
0.0
0.0
0.0
0.0
0.0
0.0
0.0
0.0
0.0
0.0
0.0
0.0
0.0
0.0
0.0
0.0
0.0
0.0
0.0
0.0
0.0
0.0
0.0
0.0
0.0
0.0
0.0
0.0
0.0
0.0
0.0
0.0
0.0
0.0
0.0
0.0
0.0
0.0
0.0
0.0
0.0
0.0
0.0
0.0
0.0
0.0
0.0
0.0
0.0
0.0
0.0
0.0
0.0
0.0
0.0
0.0
0.0
0.0
0.0
0.0
0.0
0.0
0.0
0.0
0.0
0.0
0.0
0.0
0.0
0.0
0.0
0.0
0.0
0.0
0.0
0.0
0.0
0.0
0.0
0.0
0.0
0.0
0.0
0.0
0.0
0.0
0.0
0.0
0.0
0.0
0.0
0.0
0.0
0.0
0.0
0.0
0.0
0.0
0.0
0.0
0.0
0.0
0.0
0.0
0.0
0.0
0.0
0.0
0.0
0.0
0.0
0.0
0.0
0.0
0.0
0.0
0.0
0.0
0.0
0.0
0.0
0.0
0.0
0.0
0.0
0.0
0.0
0.0
0.0
0.0
0.0
0.0
0.0
0.0
0.0
0.0
0.0
0.0
0.0
0.0
0.0
0.0
0.0
0.0
0.0
0.0
0.0
0.0
0.0
0.0
0.0
0.0
0.0
0.0
0.0
0.0
0.0
0.0
0.0
0.0
0.0
0.0
0.0
0.0
0.0
0.0
0.0
0.0
0.0
0.0
0.0
0.0
0.0
0.0
0.0
0.0
0.0
0.0
0.0
0.0
0.0
0.0
0.0
0.0
0.0
0.0
0.0
0.0
0.0
0.0
0.0
0.0
0.0
0.0
0.0
0.0
0.0
0.0
0.0
0.0
0.0
0.0
0.0
0.0
0.0
0.0
0.0
0.0
0.0
0.0
0.0
0.0
0.0
0.0
0.0
0.0
0.0
0.0
0.0
0.0
0.0
0.0
0.0
0.0
0.0
0.0
0.0
0.0
0.0
0.0
0.0
0.0
0.0
0.0
0.0
0.0
0.0
0.0
0.0
0.0
0.0
0.0
0.0
0.0
0.0
0.0
0.0
0.0
0.0
0.0
0.0
0.0
0.0
0.0
0.0
0.0
0.0
0.0
0.0
0.0
0.0
0.0
0.0
0.0
0.0
0.0
0.0
0.0
0.0
0.0
0.0
0.0
0.0
0.0
0.0
0.0
0.0
0.0
0.0
0.0
0.0
0.0
0.0
0.0
0.0
0.0
0.0
0.0
0.0
0.0
0.0
0.0
0.0
0.0
0.0
0.0
0.0
0.0
0.0
0.0
0.0
0.0
0.0
0.0
0.0
0.0
0.0
0.0
0.0
0.0
0.0
0.0
0.0
0.0
0.0
0.0
0.0
0.0
0.0
0.0
0.0
0.0
0.0
0.0
0.0
0.0
0.0
0.0
0.0
0.0
0.0
0.0
0.0
0.0
0.0
0.0
0.0
0.0
0.0
0.0
0.0
0.0
0.0
0.0
0.0
0.0
0.0
0.0
0.0
0.0
0.0
0.0
0.0
0.0
0.0
0.0
0.0
0.0
0.0
0.0
0.0
0.0
0.0
0.0
0.0
0.0
0.0
0.0
0.0
0.0
0.0
0.0
0.0
0.0
0.0
0.0
0.0
0.0
0.0
0.0
0.0
0.0
0.0
0.0
0.0
0.0
0.0
0.0
0.0
0.0
0.0
0.0
0.0
0.0
0.0
0.0
0.0
0.0
0.0
0.0
0.0
0.0
0.0
0.0
0.0
0.0
0.0
0.0
0.0
0.0
0.0
0.0
0.0
0.0
0.0
0.0
0.0
0.0
0.0
0.0
0.0
0.0
0.0
0.0
0.0
0.0
0.0
0.0
0.0
0.0
0.0
0.0
0.0
0.0
0.0
0.0
0.0
0.0
0.0
0.0
0.0
0.0
0.0
0.0
0.0
0.0
0.0
0.0
0.0
0.0
0.0
0.0
0.0
0.0
0.0
0.0
0.0
0.0
0.0
0.0
0.0
0.0
0.0
0.0
0.0
0.0
0.0
0.0
0.0
0.0
0.0
0.0
0.0
0.0
0.0
0.0
0.0
0.0
0.0
0.0
0.0
0.0
0.0
0.0
0.0
0.0
0.0
0.0
0.0
0.0
0.0
0.0
0.0
0.0
0.0
0.0
0.0
0.0
0.0
0.0
0.0
0.0
0.0
0.0
0.0
0.0
0.0
0.0
0.0
0.0
0.0
0.0
0.0
0.0
0.0
0.0
0.0
0.0
0.0
0.0
0.0
0.0
0.0
0.0
0.0
0.0
0.0
0.0
0.0
0.0
0.0
0.0
0.0
0.0
0.0
0.0
0.0
0.0
0.0
0.0
0.0
0.0
0.0
0.0
0.0
0.0
0.0
0.0
0.0
0.0
0.0
0.0
0.0
0.0
0.0
0.0
0.0
0.0
0.0
0.0
0.0
0.0
0.0
0.0
0.0
0.0
0.0
0.0
0.0
0.0
0.0
0.0
0.0
0.0
0.0
0.0
0.0
0.0
0.0
0.0
0.0
0.0
0.0
0.0
0.0
0.0
0.0
0.0
0.0
0.0
0.0
0.0
0.0
0.0
0.0
0.0
0.0
0.0
0.0
0.0
0.0
0.0
0.0
0.0
0.0
0.0
0.0
0.0
0.0
0.0
0.0
0.0
0.0
0.0
0.0
0.0
0.0
0.0
0.0
0.0
0.0
0.0
0.0
0.0
0.0
0.0
0.0
0.0
0.0
0.0
0.0
0.0
0.0
0.0
0.0
0.0
0.0
0.0
0.0
0.0
0.0
0.0
0.0
0.0
0.0
0.0
0.0
0.0
0.0
0.0
0.0
0.0
0.0
0.0
0.0
0.0
0.0
0.0
0.0
0.0
0.0
0.0
0.0
0.0
0.0
0.0
0.0
0.0
0.0
0.0
0.0
0.0
0.0
0.0
0.0
0.0
0.0
0.0
0.0
0.0
0.0
0.0
0.0
0.0
0.0
0.0
0.0
0.0
0.0
0.0
0.0
0.0
0.0
0.0
0.0
0.0
0.0
0.0
0.0
0.0
0.0
0.0
0.0
0.0
0.0
0.0
0.0
0.0
0.0
0.0
0.0
0.0
0.0
0.0
0.0
0.0
0.0
0.0
0.0
0.0
0.0
0.0
0.0
0.0
0.0
0.0
0.0
0.0
0.0
0.0
0.0
0.0
0.0
0.0
0.0
0.0
0.0
0.0
0.0
0.0
0.0
0.0
0.0
0.0
0.0
0.0
0.0
0.0
0.0
0.0
0.0
0.0
0.0
0.0
0.0
0.0
0.0
0.0
0.0
0.0
0.0
0.0
0.0
0.0
0.0
0.0
0.0
0.0
0.0
0.0
0.0
0.0
0.0
0.0
0.0
0.0
0.0
0.0
0.0
0.0
0.0
0.0
0.0
0.0
0.0
0.0
0.0
0.0
0.0
0.0
0.0
0.0
0.0
0.0
0.0
0.0
0.0
0.0
0.0
0.0
0.0
0.0
0.0
0.0
0.0
0.0
0.0
0.0
0.0
0.0
0.0
0.0
0.0
0.0
0.0
0.0
0.0
0.0
0.0
0.0
0.0
0.0
0.0
0.0
0.0
0.0
0.0
0.0
0.0
0.0
0.0
0.0
0.0
0.0
0.0
0.0
0.0
0.0
0.0
0.0
0.0
0.0
0.0
0.0
0.0
0.0
0.0
0.0
0.0
0.0
0.0
0.0
0.0
0.0
0.0
0.0
0.0
0.0
0.0
0.0
0.0
0.0
0.0
0.0
0.0
0.0
0.0
0.0
0.0
0.0
0.0
0.0
0.0
0.0
0.0
0.0
0.0
0.0
0.0
0.0
0.0
0.0
0.0
0.0
0.0
0.0
0.0
0.0
0.0
0.0
0.0
0.0
0.0
0.0
0.0
0.0
0.0
0.0
0.0
0.0
0.0
0.0
0.0
0.0
0.0
0.0
0.0
0.0
0.0
0.0
0.0
0.0
0.0
0.0
0.0
0.0
0.0
0.0
0.0
0.0
0.0
0.0
0.0
0.0
0.0
0.0
0.0
0.0
0.0
0.0
0.0
0.0
0.0
0.0
0.0
0.0
0.0
0.0
0.0
0.0
0.0
0.0
0.0
0.0
0.0
0.0
0.0
0.0
0.0
0.0
0.0
0.0
0.0
0.0
0.0
0.0
0.0
0.0
0.0
0.0
0.0
0.0
0.0
0.0
0.0
0.0
0.0
0.0
0.0
0.0
0.0
0.0
0.0
0.0
0.0
0.0
0.0
0.0
0.0
0.0
0.0
0.0
0.0
0.0
0.0
0.0
0.0
0.0
0.0
0.0
0.0
0.0
0.0
0.0
0.0
0.0
0.0
0.0
0.0
0.0
0.0
0.0
0.0
0.0
0.0
0.0
0.0
0.0
0.0
0.0
0.0
0.0
0.0
0.0
0.0
0.0
0.0
0.0
0.0
0.0
0.0
0.0
0.0
0.0
0.0
0.0
0.0
0.0
0.0
0.0
0.0
0.0
0.0
0.0
0.0
0.0
0.0
0.0
0.0
0.0
0.0
0.0
0.0
0.0
0.0
0.0
0.0
0.0
0.0
0.0
0.0
0.0
0.0
0.0
0.0
0.0
0.0
0.0
0.0
0.0
0.0
0.0
0.0
0.0
0.0
0.0
0.0
0.0
0.0
0.0
0.0
0.0
0.0
0.0
0.0
0.0
0.0
0.0
0.0
0.0
0.0
0.0
0.0
0.0
0.0
0.0
0.0
0.0
0.0
0.0
0.0
0.0
0.0
0.0
0.0
0.0
0.0
0.0
0.0
0.0
0.0
0.0
0.0
0.0
0.0
0.0
0.0
0.0
0.0
0.0
0.0
0.0
0.0
0.0
0.0
0.0
0.0
0.0
0.0
0.0
0.0
0.0
0.0
0.0
0.0
0.0
0.0
0.0
0.0
0.0
0.0
0.0
0.0
0.0
0.0
0.0
0.0
0.0
0.0
0.0
0.0
0.0
0.0
0.0
0.0
0.0
0.0
0.0
0.0
0.0
0.0
0.0
0.0
0.0
0.0
0.0
0.0
0.0
0.0
0.0
0.0
0.0
0.0
0.0
0.0
0.0
0.0
0.0
0.0
0.0
0.0
0.0
0.0
0.0
0.0
0.0
0.0
0.0
0.0
0.0
0.0
0.0
0.0
0.0
0.0
0.0
0.0
0.0
0.0
0.0
0.0
0.0
0.0
0.0
0.0
0.0
0.0
0.0
0.0
0.0
0.0
0.0
0.0
0.0
0.0
0.0
0.0
0.0
0.0
0.0
0.0
0.0
0.0
0.0
0.0
0.0
0.0
0.0
0.0
0.0
0.0
0.0
0.0
0.0
0.0
0.0
0.0
0.0
0.0
0.0
0.0
0.0
0.0
0.0
0.0
0.0
0.0
0.0
0.0
0.0
0.0
0.0
0.0
0.0
0.0
0.0
0.0
0.0
0.0
0.0
0.0
0.0
0.0
0.0
0.0
0.0
0.0
0.0
0.0
0.0
0.0
0.0
0.0
0.0
0.0
0.0
0.0
0.0
0.0
0.0
0.0
0.0
0.0
0.0
0.0
0.0
0.0
0.0
0.0
0.0
0.0
0.0
0.0
0.0
0.0
0.0
0.0
0.0
0.0
0.0
0.0
0.0
0.0
0.0
0.0
0.0
0.0
0.0
0.0
0.0
0.0
0.0
0.0
0.0
0.0
0.0
0.0
0.0
0.0
0.0
0.0
0.0
0.0
0.0
0.0
0.0
0.0
0.0
0.0
0.0
0.0
0.0
0.0
0.0
0.0
0.0
0.0
0.0
0.0
0.0
0.0
0.0
0.0
0.0
0.0
0.0
0.0
0.0
0.0
0.0
0.0
0.0
0.0
0.0
0.0
0.0
0.0
0.0
0.0
0.0
0.0
0.0
0.0
0.0
0.0
0.0
0.0
0.0
0.0
0.0
0.0
0.0
0.0
0.0
0.0
0.0
0.0
0.0
0.0
0.0
0.0
0.0
0.0
0.0
0.0
0.0
0.0
0.0
0.0
0.0
0.0
0.0
0.0
0.0
0.0
0.0
0.0
0.0
0.0
0.0
0.0
0.0
0.0
0.0
0.0
0.0
0.0
0.0
0.0
0.0
0.0
0.0
0.0
0.0
0.0
0.0
0.0
0.0
0.0
0.0
0.0
0.0
0.0
0.0
0.0
0.0
0.0
0.0
0.0
0.0
0.0
0.0
0.0
0.0
0.0
0.0
0.0
0.0
0.0
0.0
0.0
0.0
0.0
0.0
0.0
0.0
0.0
0.0
0.0
0.0
0.0
0.0
0.0
0.0
0.0
0.0
0.0
0.0
0.0
0.0
0.0
0.0
0.0
0.0
0.0
0.0
0.0
0.0
0.0
0.0
0.0
0.0
0.0
0.0
0.0
0.0
0.0
0.0
0.0
0.0
0.0
0.0
0.0
0.0
0.0
0.0
0.0
0.0
0.0
0.0
0.0
0.0
0.0
0.0
0.0
0.0
0.0
0.0
0.0
0.0
0.0
0.0
0.0
0.0
0.0
0.0
0.0
0.0
0.0
0.0
0.0
0.0
0.0
0.0
0.0
0.0
0.0
0.0
0.0
0.0
0.0
0.0
0.0
0.0
0.0
0.0
0.0
0.0
0.0
0.0
0.0
0.0
0.0
0.0
0.0
0.0
0.0
0.0
0.0
0.0
0.0
0.0
0.0
0.0
0.0
0.0
0.0
0.0
0.0
0.0
0.0
0.0
0.0
0.0
0.0
0.0
0.0
0.0
0.0
0.0
0.0
0.0
0.0
0.0
0.0
0.0
0.0
0.0
0.0
0.0
0.0
0.0
0.0
0.0
0.0
0.0
0.0
0.0
0.0
0.0
0.0
0.0
0.0
0.0
0.0
0.0
0.0
0.0
0.0
0.0
0.0
0.0
0.0
0.0
0.0
0.0
0.0
0.0
0.0
0.0
0.0
0.0
0.0
0.0
0.0
0.0
0.0
0.0
0.0
0.0
0.0
0.0
0.0
0.0
0.0
0.0
0.0
0.0
0.0
0.0
0.0
0.0
0.0
0.0
0.0
0.0
0.0
0.0
0.0
0.0
0.0
0.0
0.0
0.0
0.0
0.0
0.0
0.0
0.0
0.0
0.0
0.0
0.0
0.0
0.0
0.0
0.0
0.0
0.0
0.0
0.0
0.0
0.0
0.0
0.0
0.0
0.0
0.0
0.0
0.0
0.0
0.0
0.0
0.0
0.0
0.0
0.0
0.0
0.0
0.0
0.0
0.0
0.0
0.0
0.0
0.0
0.0
0.0
0.0
0.0
0.0
0.0
0.0
0.0
0.0
0.0
0.0
0.0
0.0
0.0
0.0
0.0
0.0
0.0
0.0
0.0
0.0
0.0
0.0
0.0
0.0
0.0
0.0
0.0
0.0
0.0
0.0
0.0
0.0
0.0
0.0
0.0
0.0
0.0
0.0
0.0
0.0
0.0
0.0
0.0
0.0
0.0
0.0
0.0
0.0
0.0
0.0
0.0
0.0
0.0
0.0
0.0
0.0
0.0
0.0
0.0
0.0
0.0
0.0
0.0
0.0
0.0
0.0
0.0
0.0
0.0
0.0
0.0
0.0
0.0
0.0
0.0
0.0
0.0
0.0
0.0
0.0
0.0
0.0
0.0
0.0
0.0
0.0
0.0
0.0
0.0
0.0
0.0
0.0
0.0
0.0
0.0
0.0
0.0
0.0
0.0
0.0
0.0
0.0
0.0
0.0
0.0
0.0
0.0
0.0
0.0
0.0
0.0
0.0
0.0
0.0
0.0
0.0
0.0
0.0
0.0
0.0
0.0
0.0
0.0
0.0
0.0
0.0
0.0
0.0
0.0
0.0
0.0
0.0
0.0
0.0
0.0
0.0
0.0
0.0
0.0
0.0
0.0
0.0
0.0
0.0
0.0
0.0
0.0
0.0
0.0
0.0
0.0
0.0
0.0
0.0
0.0
0.0
0.0
0.0
0.0
0.0
0.0
0.0
0.0
0.0
0.0
0.0
0.0
0.0
0.0
0.0
0.0
0.0
0.0
0.0
0.0
0.0
0.0
0.0
0.0
0.0
0.0
0.0
0.0
0.0
0.0
0.0
0.0
0.0
0.0
0.0
0.0
0.0
0.0
0.0
0.0
0.0
0.0
0.0
0.0
0.0
0.0
0.0
0.0
0.0
0.0
0.0
0.0
0.0
0.0
0.0
0.0
0.0
0.0
0.0
0.0
0.0
0.0
0.0
0.0
0.0
0.0
0.0
0.0
0.0
0.0
0.0
0.0
0.0
0.0
0.0
0.0
0.0
0.0
0.0
0.0
0.0
0.0
0.0
0.0
0.0
0.0
0.0
0.0
0.0
0.0
0.0
0.0
0.0
0.0
0.0
0.0
0.0
0.0
0.0
0.0
0.0
0.0
0.0
0.0
0.0
0.0
0.0
0.0
0.0
0.0
0.0
0.0
0.0
0.0
0.0
0.0
0.0
0.0
0.0
0.0
0.0
0.0
0.0
0.0
0.0
0.0
0.0
0.0
0.0
0.0
0.0
0.0
0.0
0.0
0.0
0.0
0.0
0.0
0.0
0.0
0.0
0.0
0.0
0.0
0.0
0.0
0.0
0.0
0.0
0.0
0.0
0.0
0.0
0.0
0.0
0.0
0.0
0.0
0.0
0.0
0.0
0.0
0.0
0.0
0.0
0.0
0.0
0.0
0.0
0.0
0.0
0.0
0.0
0.0
0.0
0.0
0.0
0.0
0.0
0.0
0.0
0.0
0.0
0.0
0.0
0.0
0.0
0.0
0.0
0.0
0.0
0.0
0.0
0.0
0.0
0.0
0.0
0.0
0.0
0.0
0.0
0.0
0.0
0.0
0.0
0.0
0.0
0.0
0.0
0.0
0.0
0.0
0.0
0.0
0.0
0.0
0.0
0.0
0.0
0.0
0.0
0.0
0.0
0.0
0.0
0.0
0.0
0.0
0.0
0.0
0.0
0.0
0.0
0.0
0.0
0.0
0.0
0.0
0.0
0.0
0.0
0.0
0.0
0.0
0.0
0.0
0.0
0.0
0.0
0.0
0.0
0.0
0.0
0.0
0.0
0.0
0.0
0.0
0.0
0.0
0.0
0.0
0.0
0.0
0.0
0.0
0.0
0.0
0.0
0.0
0.0
0.0
0.0
0.0
0.0
0.0
0.0
0.0
0.0
0.0
0.0
0.0
0.0
0.0
0.0
0.0
0.0
0.0
0.0
0.0
0.0
0.0
0.0
0.0
0.0
0.0
0.0
0.0
0.0
0.0
0.0
0.0
0.0
0.0
0.0
0.0
0.0
0.0
0.0
0.0
0.0
0.0
0.0
0.0
0.0
0.0
0.0
0.0
0.0
0.0
0.0
0.0
0.0
0.0
0.0
0.0
0.0
0.0
0.0
0.0
0.0
0.0
0.0
0.0
0.0
0.0
0.0
0.0
0.0
0.0
0.0
0.0
0.0
0.0
0.0
0.0
0.0
0.0
0.0
0.0
0.0
0.0
0.0
0.0
0.0
0.0
0.0
0.0
0.0
0.0
0.0
0.0
0.0
0.0
0.0
0.0
0.0
0.0
0.0
0.0
0.0
0.0
0.0
0.0
0.0
0.0
0.0
0.0
0.0
0.0
0.0
0.0
0.0
0.0
0.0
0.0
0.0
0.0
0.0
0.0
0.0
0.0
0.0
0.0
0.0
0.0
0.0
0.0
0.0
0.0
0.0
0.0
0.0
0.0
0.0
0.0
0.0
0.0
0.0
0.0
0.0
0.0
0.0
0.0
0.0
0.0
0.0
0.0
0.0
0.0
0.0
0.0
0.0
0.0
0.0
0.0
0.0
0.0
0.0
0.0
0.0
0.0
0.0
0.0
0.0
0.0
0.0
0.0
0.0
0.0
0.0
0.0
0.0
0.0
0.0
0.0
0.0
0.0
0.0
0.0
0.0
0.0
0.0
0.0
0.0
0.0
0.0
0.0
0.0
0.0
0.0
0.0
0.0
0.0
0.0
0.0
0.0
0.0
0.0
0.0
0.0
0.0
0.0
0.0
0.0
0.0
0.0
0.0
0.0
0.0
0.0
0.0
0.0
0.0
0.0
0.0
0.0
0.0
0.0
0.0
0.0
0.0
0.0
0.0
0.0
0.0
0.0
0.0
0.0
0.0
0.0
0.0
0.0
0.0
0.0
0.0
0.0
0.0
0.0
0.0
0.0
0.0
0.0
0.0
0.0
0.0
0.0
0.0
0.0
0.0
0.0
0.0
0.0
0.0
0.0
0.0
0.0
0.0
0.0
0.0
0.0
0.0
0.0
0.0
0.0
0.0
0.0
0.0
0.0
0.0
0.0
0.0
0.0
0.0
0.0
0.0
0.0
0.0
0.0
0.0
0.0
0.0
0.0
0.0
0.0
0.0
0.0
0.0
0.0
0.0
0.0
0.0
0.0
0.0
0.0
0.0
0.0
0.0
0.0
0.0
0.0
0.0
0.0
0.0
0.0
0.0
0.0
0.0
0.0
0.0
0.0
0.0
0.0
0.0
0.0
0.0
0.0
0.0
0.0
0.0
0.0
0.0
0.0
0.0
0.0
0.0
0.0
0.0
0.0
0.0
0.0
0.0
0.0
0.0
0.0
0.0
0.0
0.0
0.0
0.0
0.0
0.0
0.0
0.0
0.0
0.0
0.0
0.0
0.0
0.0
0.0
0.0
0.0
0.0
0.0
0.0
0.0
0.0
0.0
0.0
0.0
0.0
0.0
0.0
0.0
0.0
0.0
0.0
0.0
0.0
0.0
0.0
0.0
0.0
0.0
0.0
0.0
0.0
0.0
0.0
0.0
0.0
0.0
0.0
0.0
0.0
0.0
0.0
0.0
0.0
0.0
0.0
0.0
0.0
0.0
0.0
0.0
0.0
0.0
0.0
0.0
0.0
0.0
0.0
0.0
0.0
0.0
0.0
0.0
0.0
0.0
0.0
0.0
0.0
0.0
0.0
0.0
0.0
0.0
0.0
0.0
0.0
0.0
0.0
0.0
0.0
0.0
0.0
0.0
0.0
0.0
0.0
0.0
0.0
0.0
0.0
0.0
0.0
0.0
0.0
0.0
0.0
0.0
0.0
0.0
0.0
0.0
0.0
0.0
0.0
0.0
0.0
0.0
0.0
0.0
0.0
0.0
0.0
0.0
0.0
0.0
0.0
0.0
0.0
0.0
0.0
0.0
0.0
0.0
0.0
0.0
0.0
0.0
0.0
0.0
0.0
0.0
0.0
0.0
0.0
0.0
0.0
0.0
0.0
0.0
0.0
0.0
0.0
0.0
0.0
0.0
0.0
0.0
0.0
0.0
0.0
0.0
0.0
0.0
0.0
0.0
0.0
0.0
0.0
0.0
0.0
0.0
0.0
0.0
0.0
0.0
0.0
0.0
0.0
0.0
0.0
0.0
0.0
0.0
0.0
0.0
0.0
0.0
0.0
0.0
0.0
0.0
0.0
0.0
0.0
0.0
0.0
0.0
0.0
0.0
0.0
0.0
0.0
0.0
0.0
0.0
0.0
0.0
0.0
0.0
0.0
0.0
0.0
0.0
0.0
0.0
0.0
0.0
0.0
0.0
0.0
0.0
0.0
0.0
0.0
0.0
0.0
0.0
0.0
0.0
0.0
0.0
0.0
0.0
0.0
0.0
0.0
0.0
0.0
0.0
0.0
0.0
0.0
0.0
0.0
0.0
0.0
0.0
0.0
0.0
0.0
0.0
0.0
0.0
0.0
0.0
0.0
0.0
0.0
0.0
0.0
0.0
0.0
0.0
0.0
0.0
0.0
0.0
0.0
0.0
0.0
0.0
0.0
0.0
0.0
0.0
0.0
0.0
0.0
0.0
0.0
0.0
0.0
0.0
0.0
0.0
0.0
0.0
0.0
0.0
0.0
0.0
0.0
0.0
0.0
0.0
0.0
0.0
0.0
0.0
0.0
0.0
0.0
0.0
0.0
0.0
0.0
0.0
0.0
0.0
0.0
0.0
0.0
0.0
0.0
0.0
0.0
0.0
0.0
0.0
0.0
0.0
0.0
0.0
0.0
0.0
0.0
0.0
0.0
0.0
0.0
0.0
0.0
0.0
0.0
0.0
0.0
0.0
0.0
0.0
0.0
0.0
0.0
0.0
0.0
0.0
0.0
0.0
0.0
0.0
0.0
0.0
0.0
0.0
0.0
0.0
0.0
0.0
0.0
0.0
0.0
0.0
0.0
0.0
0.0
0.0
0.0
0.0
0.0
0.0
0.0
0.0
0.0
0.0
0.0
0.0
0.0
0.0
0.0
0.0
0.0
0.0
0.0
0.0
0.0
0.0
0.0
0.0
0.0
0.0
0.0
0.0
0.0
0.0
0.0
0.0
0.0
0.0
0.0
0.0
0.0
0.0
0.0
0.0
0.0
0.0
0.0
0.0
0.0
0.0
0.0
0.0
0.0
0.0
0.0
0.0
0.0
0.0
0.0
0.0
0.0
0.0
0.0
0.0
0.0
0.0
0.0
0.0
0.0
0.0
0.0
0.0
0.0
0.0
0.0
0.0
0.0
0.0
0.0
0.0
0.0
0.0
0.0
0.0
0.0
0.0
0.0
0.0
0.0
0.0
0.0
0.0
0.0
0.0
0.0
0.0
0.0
0.0
0.0
0.0
0.0
0.0
0.0
0.0
0.0
0.0
0.0
0.0
0.0
0.0
0.0
0.0
0.0
0.0
0.0
0.0
0.0
0.0
0.0
0.0
0.0
0.0
0.0
0.0
0.0
0.0
0.0
0.0
0.0
0.0
0.0
0.0
0.0
0.0
0.0
0.0
0.0
0.0
0.0
0.0
0.0
0.0
0.0
0.0
0.0
0.0
0.0
0.0
0.0
0.0
0.0
0.0
0.0
0.0
0.0
0.0
0.0
0.0
0.0
0.0
0.0
0.0
0.0
0.0
0.0
0.0
0.0
0.0
0.0
0.0
0.0
0.0
0.0
0.0
0.0
0.0
0.0
0.0
0.0
0.0
0.0
0.0
0.0
0.0
0.0
0.0
0.0
0.0
0.0
0.0
0.0
0.0
0.0
0.0
0.0
0.0
0.0
0.0
0.0
0.0
0.0
0.0
0.0
0.0
0.0
0.0
0.0
0.0
0.0
0.0
0.0
0.0
0.0
0.0
0.0
0.0
0.0
0.0
0.0
0.0
0.0
0.0
0.0
0.0
0.0
0.0
0.0
0.0
0.0
0.0
0.0
0.0
0.0
0.0
0.0
0.0
0.0
0.0
0.0
0.0
0.0
0.0
0.0
0.0
0.0
0.0
0.0
0.0
0.0
0.0
0.0
0.0
0.0
0.0
0.0
0.0
0.0
0.0
0.0
0.0
0.0
0.0
0.0
0.0
0.0
0.0
0.0
0.0
0.0
0.0
0.0
0.0
0.0
0.0
0.0
0.0
0.0
0.0
0.0
0.0
0.0
0.0
0.0
0.0
0.0
0.0
0.0
0.0
0.0
0.0
0.0
0.0
0.0
0.0
0.0
0.0
0.0
0.0
0.0
0.0
0.0
0.0
0.0
0.0
0.0
0.0
0.0
0.0
0.0
0.0
0.0
0.0
0.0
0.0
0.0
0.0
0.0
0.0
0.0
0.0
0.0
0.0
0.0
0.0
0.0
0.0
0.0
0.0
0.0
0.0
0.0
0.0
0.0
0.0
0.0
0.0
0.0
0.0
0.0
0.0
0.0
0.0
0.0
0.0
0.0
0.0
0.0
0.0
0.0
0.0
0.0
0.0
0.0
0.0
0.0
0.0
0.0
0.0
0.0
0.0
0.0
0.0
0.0
0.0
0.0
0.0
0.0
0.0
0.0
0.0
0.0
0.0
0.0
0.0
0.0
0.0
0.0
0.0
0.0
0.0
0.0
0.0
0.0
0.0
0.0
0.0
0.0
0.0
0.0
0.0
0.0
0.0
0.0
0.0
0.0
0.0
0.0
0.0
0.0
0.0
0.0
0.0
0.0
0.0
0.0
0.0
0.0
0.0
0.0
0.0
0.0
0.0
0.0
0.0
0.0
0.0
0.0
0.0
0.0
0.0
0.0
0.0
0.0
0.0
0.0
0.0
0.0
0.0
0.0
0.0
0.0
0.0
0.0
0.0
0.0
0.0
0.0
0.0
0.0
0.0
0.0
0.0
0.0
0.0
0.0
0.0
0.0
0.0
0.0
0.0
0.0
0.0
0.0
0.0
0.0
0.0
0.0
0.0
0.0
0.0
0.0
0.0
0.0
0.0
0.0
0.0
0.0
0.0
0.0
0.0
0.0
0.0
0.0
0.0
0.0
0.0
0.0
0.0
0.0
0.0
0.0
0.0
0.0
0.0
0.0
0.0
0.0
0.0
0.0
0.0
0.0
0.0
0.0
0.0
0.0
0.0
0.0
0.0
0.0
0.0
0.0
0.0
0.0
0.0
0.0
0.0
0.0
0.0
0.0
0.0
0.0
0.0
0.0
0.0
0.0
0.0
0.0
0.0
0.0
0.0
0.0
0.0
0.0
0.0
0.0
0.0
0.0
0.0
0.0
0.0
0.0
0.0
0.0
0.0
0.0
0.0
0.0
0.0
0.0
0.0
0.0
0.0
0.0
0.0
0.0
0.0
0.0
0.0
0.0
0.0
0.0
0.0
0.0
0.0
0.0
0.0
0.0
0.0
0.0
0.0
0.0
0.0
0.0
0.0
0.0
0.0
0.0
0.0
0.0
0.0
0.0
0.0
0.0
0.0
0.0
0.0
0.0
0.0
0.0
0.0
0.0
0.0
0.0
0.0
0.0
0.0
0.0
0.0
0.0
0.0
0.0
0.0
0.0
0.0
0.0
0.0
0.0
0.0
0.0
0.0
0.0
0.0
0.0
0.0
0.0
0.0
0.0
0.0
0.0
0.0
0.0
0.0
0.0
0.0
0.0
0.0
0.0
0.0
0.0
0.0
0.0
0.0
0.0
0.0
0.0
0.0
0.0
0.0
0.0
0.0
0.0
0.0
0.0
0.0
0.0
0.0
0.0
0.0
0.0
0.0
0.0
0.0
0.0
0.0
0.0
0.0
0.0
0.0
0.0
0.0
0.0
0.0
0.0
0.0
0.0
0.0
0.0
0.0
0.0
0.0
0.0
0.0
0.0
0.0
0.0
0.0
0.0
0.0
0.0
0.0
0.0
0.0
0.0
0.0
0.0
0.0
0.0
0.0
0.0
0.0
0.0
0.0
0.0
0.0
0.0
0.0
0.0
0.0
0.0
0.0
0.0
0.0
0.0
0.0
0.0
0.0
0.0
0.0
0.0
0.0
0.0
0.0
0.0
0.0
0.0
0.0
0.0
0.0
